[03:08:09] [ServerMain/INFO]: Environment: Environment[accountsHost=https://api.mojang.com, sessionHost=https://sessionserver.mojang.com, servicesHost=https://api.minecraftservices.com, name=PROD]
[03:08:11] [ServerMain/INFO]: Loaded 7 recipes
[03:08:11] [ServerMain/INFO]: Loaded 1271 advancements
[03:08:11] [Server thread/INFO]: Starting minecraft server version 1.20.2
[03:08:11] [Server thread/INFO]: Loading properties
[03:08:11] [Server thread/INFO]: Default game type: SURVIVAL
[03:08:11] [Server thread/INFO]: Generating keypair
[03:08:11] [Server thread/INFO]: Starting Minecraft server on *:25565
[03:08:11] [Server thread/INFO]: Using epoll channel type
[03:08:11] [Server thread/WARN]: **** SERVER IS RUNNING IN OFFLINE/INSECURE MODE!
[03:08:11] [Server thread/WARN]: The server will make no attempt to authenticate usernames. Beware.
[03:08:11] [Server thread/WARN]: While this makes the game possible to play without internet access, it also opens up the ability for hackers to connect with any username they choose.
[03:08:11] [Server thread/WARN]: To change this, set "online-mode" to "true" in the server.properties file.
[03:08:11] [Server thread/INFO]: Preparing level "world"
[03:08:17] [Server thread/INFO]: Preparing start region for dimension minecraft:overworld
[03:08:17] [Worker-Main-1/INFO]: Preparing spawn area: 0%
[03:08:17] [Worker-Main-1/INFO]: Preparing spawn area: 0%
[03:08:18] [Worker-Main-3/INFO]: Preparing spawn area: 0%
[03:08:18] [Worker-Main-2/INFO]: Preparing spawn area: 0%
[03:08:19] [Worker-Main-3/INFO]: Preparing spawn area: 1%
[03:08:19] [Worker-Main-1/INFO]: Preparing spawn area: 1%
[03:08:20] [Worker-Main-1/INFO]: Preparing spawn area: 2%
[03:08:20] [Worker-Main-3/INFO]: Preparing spawn area: 3%
[03:08:21] [Worker-Main-2/INFO]: Preparing spawn area: 5%
[03:08:21] [Worker-Main-3/INFO]: Preparing spawn area: 6%
[03:08:22] [Worker-Main-2/INFO]: Preparing spawn area: 8%
[03:08:22] [Worker-Main-1/INFO]: Preparing spawn area: 10%
[03:08:23] [Worker-Main-1/INFO]: Preparing spawn area: 11%
[03:08:23] [Worker-Main-3/INFO]: Preparing spawn area: 13%
[03:08:24] [Worker-Main-2/INFO]: Preparing spawn area: 16%
[03:08:25] [Worker-Main-1/INFO]: Preparing spawn area: 17%
[03:08:25] [Worker-Main-3/INFO]: Preparing spawn area: 17%
[03:08:25] [Worker-Main-2/INFO]: Preparing spawn area: 17%
[03:08:26] [Worker-Main-1/INFO]: Preparing spawn area: 18%
[03:08:26] [Worker-Main-1/INFO]: Preparing spawn area: 20%
[03:08:27] [Worker-Main-1/INFO]: Preparing spawn area: 23%
[03:08:27] [Worker-Main-2/INFO]: Preparing spawn area: 24%
[03:08:28] [Worker-Main-2/INFO]: Preparing spawn area: 27%
[03:08:28] [Worker-Main-2/INFO]: Preparing spawn area: 30%
[03:08:29] [Worker-Main-1/INFO]: Preparing spawn area: 32%
[03:08:29] [Worker-Main-3/INFO]: Preparing spawn area: 33%
[03:08:30] [Worker-Main-3/INFO]: Preparing spawn area: 35%
[03:08:30] [Worker-Main-3/INFO]: Preparing spawn area: 39%
[03:08:31] [Worker-Main-3/INFO]: Preparing spawn area: 42%
[03:08:31] [Worker-Main-3/INFO]: Preparing spawn area: 44%
[03:08:32] [Worker-Main-2/INFO]: Preparing spawn area: 47%
[03:08:32] [Worker-Main-3/INFO]: Preparing spawn area: 49%
[03:08:33] [Worker-Main-3/INFO]: Preparing spawn area: 53%
[03:08:33] [Worker-Main-1/INFO]: Preparing spawn area: 55%
[03:08:34] [Worker-Main-1/INFO]: Preparing spawn area: 57%
[03:08:34] [Worker-Main-1/INFO]: Preparing spawn area: 61%
[03:08:35] [Worker-Main-3/INFO]: Preparing spawn area: 63%
[03:08:35] [Worker-Main-3/INFO]: Preparing spawn area: 67%
[03:08:36] [Worker-Main-3/INFO]: Preparing spawn area: 68%
[03:08:36] [Worker-Main-3/INFO]: Preparing spawn area: 68%
[03:08:37] [Worker-Main-2/INFO]: Preparing spawn area: 70%
[03:08:37] [Worker-Main-3/INFO]: Preparing spawn area: 74%
[03:08:38] [Worker-Main-1/INFO]: Preparing spawn area: 77%
[03:08:38] [Worker-Main-2/INFO]: Preparing spawn area: 81%
[03:08:39] [Worker-Main-1/INFO]: Preparing spawn area: 83%
[03:08:39] [Worker-Main-3/INFO]: Preparing spawn area: 87%
[03:08:40] [Worker-Main-2/INFO]: Preparing spawn area: 89%
[03:08:40] [Worker-Main-1/INFO]: Preparing spawn area: 93%
[03:08:41] [Worker-Main-3/INFO]: Preparing spawn area: 96%
[03:08:41] [Server thread/INFO]: Time elapsed: 24326 ms
[03:08:41] [Server thread/INFO]: Done (29.560s)! For help, type "help"
[03:15:00] [Server thread/INFO]: /advancement (grant|revoke)
[03:15:00] [Server thread/INFO]: /attribute <target> <attribute> (get|base|modifier)
[03:15:00] [Server thread/INFO]: /execute (run|if|unless|as|at|store|positioned|rotated|facing|align|anchored|in|summon|on)
[03:15:00] [Server thread/INFO]: /bossbar (add|remove|list|set|get)
[03:15:00] [Server thread/INFO]: /clear [<targets>]
[03:15:00] [Server thread/INFO]: /clone (<begin>|from)
[03:15:00] [Server thread/INFO]: /damage <target> <amount> [<damageType>]
[03:15:00] [Server thread/INFO]: /data (merge|get|remove|modify)
[03:15:00] [Server thread/INFO]: /datapack (enable|disable|list)
[03:15:00] [Server thread/INFO]: /debug (start|stop|function)
[03:15:00] [Server thread/INFO]: /defaultgamemode <gamemode>
[03:15:00] [Server thread/INFO]: /difficulty [peaceful|easy|normal|hard]
[03:15:00] [Server thread/INFO]: /effect (clear|give)
[03:15:00] [Server thread/INFO]: /me <action>
[03:15:00] [Server thread/INFO]: /enchant <targets> <enchantment> [<level>]
[03:15:00] [Server thread/INFO]: /experience (add|set|query)
[03:15:00] [Server thread/INFO]: /xp -> experience
[03:15:00] [Server thread/INFO]: /fill <from> <to> <block> [replace|keep|outline|hollow|destroy]
[03:15:00] [Server thread/INFO]: /fillbiome <from> <to> <biome> [replace]
[03:15:00] [Server thread/INFO]: /forceload (add|remove|query)
[03:15:00] [Server thread/INFO]: /function <name> [<arguments>|with]
[03:15:00] [Server thread/INFO]: /gamemode <gamemode> [<target>]
[03:15:00] [Server thread/INFO]: /gamerule (announceAdvancements|blockExplosionDropDecay|commandBlockOutput|commandModificationBlockLimit|disableElytraMovementCheck|disableRaids|doDaylightCycle|doEntityDrops|doFireTick|doImmediateRespawn|doInsomnia|doLimitedCrafting|doMobLoot|doMobSpawning|doPatrolSpawning|doTileDrops|doTraderSpawning|doVinesSpread|doWardenSpawning|doWeatherCycle|drowningDamage|enderPearlsVanishOnDeath|fallDamage|fireDamage|forgiveDeadPlayers|freezeDamage|globalSoundEvents|keepInventory|lavaSourceConversion|logAdminCommands|maxCommandChainLength|maxEntityCramming|mobExplosionDropDecay|mobGriefing|naturalRegeneration|playersSleepingPercentage|randomTickSpeed|reducedDebugInfo|sendCommandFeedback|showDeathMessages|snowAccumulationHeight|spawnRadius|spectatorsGenerateChunks|tntExplosionDropDecay|universalAnger|waterSourceConversion)
[03:15:00] [Server thread/INFO]: /give <targets> <item> [<count>]
[03:15:00] [Server thread/INFO]: /help [<command>]
[03:15:00] [Server thread/INFO]: /item (replace|modify)
[03:15:00] [Server thread/INFO]: /kick <targets> [<reason>]
[03:15:00] [Server thread/INFO]: /kill [<targets>]
[03:15:00] [Server thread/INFO]: /list [uuids]
[03:15:00] [Server thread/INFO]: /locate (structure|biome|poi)
[03:15:00] [Server thread/INFO]: /loot (replace|insert|give|spawn)
[03:15:00] [Server thread/INFO]: /msg <targets> <message>
[03:15:00] [Server thread/INFO]: /tell -> msg
[03:15:00] [Server thread/INFO]: /w -> msg
[03:15:00] [Server thread/INFO]: /particle <name> [<pos>]
[03:15:00] [Server thread/INFO]: /place (feature|jigsaw|structure|template)
[03:15:00] [Server thread/INFO]: /playsound <sound> (master|music|record|weather|block|hostile|neutral|player|ambient|voice)
[03:15:00] [Server thread/INFO]: /random (value|roll|reset)
[03:15:00] [Server thread/INFO]: /reload
[03:15:00] [Server thread/INFO]: /recipe (give|take)
[03:15:00] [Server thread/INFO]: /return <value>
[03:15:00] [Server thread/INFO]: /ride <target> (mount|dismount)
[03:15:00] [Server thread/INFO]: /say <message>
[03:15:00] [Server thread/INFO]: /schedule (function|clear)
[03:15:00] [Server thread/INFO]: /scoreboard (objectives|players)
[03:15:00] [Server thread/INFO]: /seed
[03:15:00] [Server thread/INFO]: /setblock <pos> <block> [destroy|keep|replace]
[03:15:00] [Server thread/INFO]: /spawnpoint [<targets>]
[03:15:00] [Server thread/INFO]: /setworldspawn [<pos>]
[03:15:00] [Server thread/INFO]: /spectate [<target>]
[03:15:00] [Server thread/INFO]: /spreadplayers <center> <spreadDistance> <maxRange> (<respectTeams>|under)
[03:15:00] [Server thread/INFO]: /stopsound <targets> [*|master|music|record|weather|block|hostile|neutral|player|ambient|voice]
[03:15:00] [Server thread/INFO]: /summon <entity> [<pos>]
[03:15:00] [Server thread/INFO]: /tag <targets> (add|remove|list)
[03:15:00] [Server thread/INFO]: /team (list|add|remove|empty|join|leave|modify)
[03:15:00] [Server thread/INFO]: /teammsg <message>
[03:15:00] [Server thread/INFO]: /tm -> teammsg
[03:15:00] [Server thread/INFO]: /teleport (<location>|<destination>|<targets>)
[03:15:00] [Server thread/INFO]: /tp -> teleport
[03:15:00] [Server thread/INFO]: /tellraw <targets> <message>
[03:15:00] [Server thread/INFO]: /time (set|add|query)
[03:15:00] [Server thread/INFO]: /title <targets> (clear|reset|title|subtitle|actionbar|times)
[03:15:00] [Server thread/INFO]: /trigger <objective> [add|set]
[03:15:00] [Server thread/INFO]: /weather (clear|rain|thunder)
[03:15:00] [Server thread/INFO]: /worldborder (add|set|center|damage|get|warning)
[03:15:00] [Server thread/INFO]: /jfr (start|stop)
[03:15:00] [Server thread/INFO]: /ban-ip <target> [<reason>]
[03:15:00] [Server thread/INFO]: /banlist [ips|players]
[03:15:00] [Server thread/INFO]: /ban <targets> [<reason>]
[03:15:00] [Server thread/INFO]: /deop <targets>
[03:15:00] [Server thread/INFO]: /op <targets>
[03:15:00] [Server thread/INFO]: /pardon <targets>
[03:15:00] [Server thread/INFO]: /pardon-ip <target>
[03:15:00] [Server thread/INFO]: /perf (start|stop)
[03:15:00] [Server thread/INFO]: /save-all [flush]
[03:15:00] [Server thread/INFO]: /save-off
[03:15:00] [Server thread/INFO]: /save-on
[03:15:00] [Server thread/INFO]: /setidletimeout <minutes>
[03:15:00] [Server thread/INFO]: /stop
[03:15:00] [Server thread/INFO]: /whitelist (on|off|list|add|remove|reload)
